[debug] [2025-07-14T18:17:27.951Z] ----------------------------------------------------------------------
[debug] [2025-07-14T18:17:27.954Z] Command:       C:\Program Files\nodejs\node.exe C:\Users\andre\AppData\Roaming\npm\node_modules\firebase-tools\lib\bin\firebase.js init hosting
[debug] [2025-07-14T18:17:27.954Z] CLI Version:   14.10.1
[debug] [2025-07-14T18:17:27.954Z] Platform:      win32
[debug] [2025-07-14T18:17:27.954Z] Node Version:  v20.11.1
[debug] [2025-07-14T18:17:27.954Z] Time:          Mon Jul 14 2025 12:17:27 GMT-0600 (Central Standard Time)
[debug] [2025-07-14T18:17:27.954Z] ----------------------------------------------------------------------
[debug] 
[debug] [2025-07-14T18:17:27.959Z] > command requires scopes: ["email","openid","https://www.googleapis.com/auth/cloudplatformprojects.readonly","https://www.googleapis.com/auth/firebase","https://www.googleapis.com/auth/cloud-platform"]
[debug] [2025-07-14T18:17:27.959Z] > authorizing via signed-in user (andress23961@gmail.com)
[info] 
     ######## #### ########  ######## ########     ###     ######  ########
     ##        ##  ##     ## ##       ##     ##  ##   ##  ##       ##
     ######    ##  ########  ######   ########  #########  ######  ######
     ##        ##  ##    ##  ##       ##     ## ##     ##       ## ##
     ##       #### ##     ## ######## ########  ##     ##  ######  ########

You're about to initialize a Firebase project in this directory:

  C:\Users\andre\OneDrive\Documents\Atom\frontend

[info] 
=== Project Setup
[info] 
[info] First, let's associate this project directory with a Firebase project.
[info] You can create multiple project aliases by running firebase use --add, 
[info] but for now we'll just set up a default project.
[info] 
[debug] [2025-07-14T18:17:34.207Z] ExitPromptError: User force closed the prompt with SIGINT
    at Interface.sigint (C:\Users\andre\AppData\Roaming\npm\node_modules\firebase-tools\node_modules\@inquirer\core\dist\commonjs\lib\create-prompt.js:101:37)
    at Interface.emit (node:events:518:28)
    at Interface.emit (node:domain:488:12)
    at [_ttyWrite] [as _ttyWrite] (node:internal/readline/interface:1125:18)
    at ReadStream.onkeypress (node:internal/readline/interface:264:20)
    at ReadStream.emit (node:events:530:35)
    at ReadStream.emit (node:domain:488:12)
    at emitKeys (node:internal/readline/utils:371:14)
    at emitKeys.next (<anonymous>)
    at ReadStream.onData (node:internal/readline/emitKeypressEvents:64:36)
[error] 
[error] Error: An unexpected error has occurred.
